# JRE version: OpenJDK Runtime Environment Temurin-25.0.2+10 (25.0.2+10) (build 25.0.2+10-LTS)
# Java VM: OpenJDK 64-Bit Server VM Temurin-25.0.2+10 (25.0.2+10-LTS, mixed mode, sharing, tiered, compressed oops, compressed class ptrs, g1 gc, windows-amd64)
GC Precious Log:
 CardTable entry size: 512
 Card Set container configuration: InlinePtr #cards 4 size 8 Array Of Cards #cards 16 size 48 Howl #buckets 8 coarsen threshold 3686 Howl Bitmap #cards 512 size 80 coarsen threshold 460 Card regions per heap region 1 cards per card region 4096
 CPUs: 16 total, 16 available
 Memory: 16202M
 Large Page Support: Disabled
 NUMA Support: Disabled
 Compressed Oops: Enabled (Zero based)
 Heap Region Size: 2M
 Heap Min Capacity: 8M
 Heap Initial Capacity: 254M
 Heap Max Capacity: 4052M
 Pre-touch: Disabled
 Parallel Workers: 13
 Concurrent Workers: 3
 Concurrent Refinement Workers: 13
 Periodic GC: Disabled
Heap:
 garbage-first heap   total reserved 4149248K, committed 51200K, used 29567K [0x0000000702c00000, 0x0000000800000000)
  region size 2048K, 3 young (6144K), 1 survivors (2048K)
GC Heap Usage History (10 events):
Event: 2.447 {heap Before GC invocations=0 (full 0):
 garbage-first heap   total reserved 4149248K, committed 262144K, used 42131K [0x0000000702c00000, 0x0000000800000000)
  region size 2048K, 22 young (45056K), 0 survivors (0K)
}
Event: 2.455 {heap After GC invocations=1 (full 0):
 garbage-first heap   total reserved 4149248K, committed 262144K, used 7475K [0x0000000702c00000, 0x0000000800000000)
  region size 2048K, 3 young (6144K), 3 survivors (6144K)
}
Event: 8.133 {heap Before GC invocations=2 (full 0):
 garbage-first heap   total reserved 4149248K, committed 43008K, used 40243K [0x0000000702c00000, 0x0000000800000000)
  region size 2048K, 15 young (30720K), 3 survivors (6144K)
}
Event: 8.138 {heap After GC invocations=3 (full 0):
 garbage-first heap   total reserved 4149248K, committed 51200K, used 16538K [0x0000000702c00000, 0x0000000800000000)
  region size 2048K, 4 young (8192K), 4 survivors (8192K)
}
Event: 29.918 {heap Before GC invocations=3 (full 0):
 garbage-first heap   total reserved 4149248K, committed 51200K, used 32922K [0x0000000702c00000, 0x0000000800000000)
  region size 2048K, 12 young (24576K), 4 survivors (8192K)
}
Event: 29.924 {heap After GC invocations=4 (full 0):
 garbage-first heap   total reserved 4149248K, committed 51200K, used 17557K [0x0000000702c00000, 0x0000000800000000)
  region size 2048K, 1 young (2048K), 1 survivors (2048K)
}
Event: 42.166 {heap Before GC invocations=4 (full 0):
 garbage-first heap   total reserved 4149248K, committed 51200K, used 27797K [0x0000000702c00000, 0x0000000800000000)
  region size 2048K, 7 young (14336K), 1 survivors (2048K)
}
Event: 42.167 {heap After GC invocations=5 (full 0):
 garbage-first heap   total reserved 4149248K, committed 51200K, used 19339K [0x0000000702c00000, 0x0000000800000000)
  region size 2048K, 1 young (2048K), 1 survivors (2048K)
}
Event: 63.604 {heap Before GC invocations=5 (full 0):
 garbage-first heap   total reserved 4149248K, committed 51200K, used 43915K [0x0000000702c00000, 0x0000000800000000)
  region size 2048K, 10 young (20480K), 1 survivors (2048K)
}
Event: 63.606 {heap After GC invocations=6 (full 0):
 garbage-first heap   total reserved 4149248K, committed 51200K, used 27519K [0x0000000702c00000, 0x0000000800000000)
  region size 2048K, 1 young (2048K), 1 survivors (2048K)
}

